Arguments: 
  /Users/samvitello/.nvm/versions/node/v9.10.0/bin/node /usr/local/Cellar/yarn/1.10.1/libexec/bin/yarn.js add webpack

PATH: 
  /Users/samvitello/.nvm/versions/node/v9.10.0/bin:/Users/samvitello/Library/Python/3.6/bin/:/Users/samvitello/.cargo/bin:/usr/local/bin:/usr/bin:/bin:/usr/sbin:/sbin

Yarn version: 
  1.10.1

Node version: 
  9.10.0

Platform: 
  darwin x64

Trace: 
  SyntaxError: /Users/samvitello/kleros/realitio-script/package.json: Unexpected end of JSON input
      at JSON.parse (<anonymous>)
      at /usr/local/Cellar/yarn/1.10.1/libexec/lib/cli.js:1136:59
      at Generator.next (<anonymous>)
      at step (/usr/local/Cellar/yarn/1.10.1/libexec/lib/cli.js:98:30)
      at /usr/local/Cellar/yarn/1.10.1/libexec/lib/cli.js:109:13
      at <anonymous>

npm manifest: 
  

yarn manifest: 
  No manifest

Lockfile: 
  No lockfile
